<?xml version="1.0" encoding="UTF-8"?>
<!-- Generated by org.testng.reporters.JUnitXMLReporter -->
<testsuite ignored="3" hostname="SVDS5T663" failures="0" tests="1" name="coverPhotosBooksTest" time="218.103" errors="0" timestamp="2022-02-15T01:08:27 CST">
  <testcase classname="testproject.APITest" name="coverPhotosBooksTest" time="218.102"/>
  <testcase classname="testproject.APITest" name="schemaBooksTest" time="0.0">
    <ignored/>
  </testcase> <!-- schemaBooksTest -->
  <testcase classname="testproject.APITest" name="postMultipleActivitiesTest" time="0.0">
    <ignored/>
  </testcase> <!-- postMultipleActivitiesTest -->
  <testcase classname="testproject.APITest" name="almacenarIdsTest" time="0.0">
    <ignored/>
  </testcase> <!-- almacenarIdsTest -->
</testsuite> <!-- coverPhotosBooksTest -->
