<?xml version="1.0" encoding="UTF-8"?>
<testng-results ignored="12" total="18" passed="6" failed="0" skipped="0">
  <reporter-output>
  </reporter-output>
  <suite started-at="2022-02-15T16:39:28 CST" name="AutomationTestSuite" finished-at="2022-02-15T16:44:14 CST" duration-ms="285890">
    <groups>
    </groups>
    <test started-at="2022-02-15T16:39:28 CST" name="almacenarIdsTest" finished-at="2022-02-15T16:40:06 CST" duration-ms="38005">
      <class name="testproject.APITest">
        <test-method signature="almacenarIdsTest()[pri:0, instance:testproject.APITest@7dc0f706]" started-at="2022-02-15T16:39:28 CST" name="almacenarIdsTest" finished-at="2022-02-15T16:40:06 CST" duration-ms="37963" status="PASS">
          <reporter-output>
          </reporter-output>
        </test-method> <!-- almacenarIdsTest -->
      </class> <!-- testproject.APITest -->
    </test> <!-- almacenarIdsTest -->
    <test started-at="2022-02-15T16:40:06 CST" name="postMultipleActivitiesTest" finished-at="2022-02-15T16:40:10 CST" duration-ms="3279">
      <class name="testproject.APITest">
        <test-method signature="postMultipleActivitiesTest(int,java.lang.String,java.lang.String)[pri:0, instance:testproject.APITest@11fc564b]" started-at="2022-02-15T16:40:06 CST" name="postMultipleActivitiesTest" data-provider="data" finished-at="2022-02-15T16:40:08 CST" duration-ms="1161" status="PASS">
          <params>
            <param index="0">
              <value>
                <![CDATA[56]]>
              </value>
            </param>
            <param index="1">
              <value>
                <![CDATA[Activity 56]]>
              </value>
            </param>
            <param index="2">
              <value>
                <![CDATA[2022-02-14T14:23:28.2970072+00:00]]>
              </value>
            </param>
          </params>
          <reporter-output>
          </reporter-output>
        </test-method> <!-- postMultipleActivitiesTest -->
        <test-method signature="postMultipleActivitiesTest(int,java.lang.String,java.lang.String)[pri:0, instance:testproject.APITest@11fc564b]" started-at="2022-02-15T16:40:08 CST" name="postMultipleActivitiesTest" data-provider="data" finished-at="2022-02-15T16:40:09 CST" duration-ms="1048" status="PASS">
          <params>
            <param index="0">
              <value>
                <![CDATA[57]]>
              </value>
            </param>
            <param index="1">
              <value>
                <![CDATA[Activity 57]]>
              </value>
            </param>
            <param index="2">
              <value>
                <![CDATA[2022-02-14T14:23:28.2970072+00:00]]>
              </value>
            </param>
          </params>
          <reporter-output>
          </reporter-output>
        </test-method> <!-- postMultipleActivitiesTest -->
        <test-method signature="postMultipleActivitiesTest(int,java.lang.String,java.lang.String)[pri:0, instance:testproject.APITest@11fc564b]" started-at="2022-02-15T16:40:09 CST" name="postMultipleActivitiesTest" data-provider="data" finished-at="2022-02-15T16:40:10 CST" duration-ms="1065" status="PASS">
          <params>
            <param index="0">
              <value>
                <![CDATA[58]]>
              </value>
            </param>
            <param index="1">
              <value>
                <![CDATA[Activity 58]]>
              </value>
            </param>
            <param index="2">
              <value>
                <![CDATA[2022-02-14T14:23:28.2970072+00:00]]>
              </value>
            </param>
          </params>
          <reporter-output>
          </reporter-output>
        </test-method> <!-- postMultipleActivitiesTest -->
      </class> <!-- testproject.APITest -->
    </test> <!-- postMultipleActivitiesTest -->
    <test started-at="2022-02-15T16:40:10 CST" name="schemaBooksTest" finished-at="2022-02-15T16:40:13 CST" duration-ms="3119">
      <class name="testproject.APITest">
        <test-method signature="schemaBooksTest()[pri:0, instance:testproject.APITest@fa36558]" started-at="2022-02-15T16:40:10 CST" name="schemaBooksTest" finished-at="2022-02-15T16:40:13 CST" duration-ms="3118" status="PASS">
          <reporter-output>
          </reporter-output>
        </test-method> <!-- schemaBooksTest -->
      </class> <!-- testproject.APITest -->
    </test> <!-- schemaBooksTest -->
    <test started-at="2022-02-15T16:40:13 CST" name="coverPhotosBooksTest" finished-at="2022-02-15T16:44:14 CST" duration-ms="241383">
      <class name="testproject.APITest">
        <test-method signature="coverPhotosBooksTest()[pri:0, instance:testproject.APITest@2b4bac49]" started-at="2022-02-15T16:40:13 CST" name="coverPhotosBooksTest" finished-at="2022-02-15T16:44:14 CST" duration-ms="241380" status="PASS">
          <reporter-output>
          </reporter-output>
        </test-method> <!-- coverPhotosBooksTest -->
      </class> <!-- testproject.APITest -->
    </test> <!-- coverPhotosBooksTest -->
  </suite> <!-- AutomationTestSuite -->
</testng-results>
