<?xml version="1.0" encoding="UTF-8"?>
<testng-results ignored="12" total="18" passed="6" failed="0" skipped="0">
  <reporter-output>
  </reporter-output>
  <suite started-at="2022-02-15T01:04:01 CST" name="AutomationTestSuite" finished-at="2022-02-15T01:08:27 CST" duration-ms="266154">
    <groups>
    </groups>
    <test started-at="2022-02-15T01:04:01 CST" name="almacenarIdsTest" finished-at="2022-02-15T01:04:43 CST" duration-ms="42155">
      <class name="testproject.APITest">
        <test-method signature="almacenarIdsTest()[pri:0, instance:testproject.APITest@3c0be339]" started-at="2022-02-15T01:04:01 CST" name="almacenarIdsTest" finished-at="2022-02-15T01:04:43 CST" duration-ms="42105" status="PASS">
          <reporter-output>
          </reporter-output>
        </test-method> <!-- almacenarIdsTest -->
      </class> <!-- testproject.APITest -->
    </test> <!-- almacenarIdsTest -->
    <test started-at="2022-02-15T01:04:43 CST" name="postMultipleActivitiesTest" finished-at="2022-02-15T01:04:46 CST" duration-ms="3123">
      <class name="testproject.APITest">
        <test-method signature="postMultipleActivitiesTest(int,java.lang.String,java.lang.String)[pri:0, instance:testproject.APITest@5939a379]" started-at="2022-02-15T01:04:43 CST" name="postMultipleActivitiesTest" data-provider="data" finished-at="2022-02-15T01:04:44 CST" duration-ms="1065" status="PASS">
          <params>
            <param index="0">
              <value>
                <![CDATA[56]]>
              </value>
            </param>
            <param index="1">
              <value>
                <![CDATA[Activity 56]]>
              </value>
            </param>
            <param index="2">
              <value>
                <![CDATA[2022-02-14T14:23:28.2970072+00:00]]>
              </value>
            </param>
          </params>
          <reporter-output>
          </reporter-output>
        </test-method> <!-- postMultipleActivitiesTest -->
        <test-method signature="postMultipleActivitiesTest(int,java.lang.String,java.lang.String)[pri:0, instance:testproject.APITest@5939a379]" started-at="2022-02-15T01:04:44 CST" name="postMultipleActivitiesTest" data-provider="data" finished-at="2022-02-15T01:04:45 CST" duration-ms="1047" status="PASS">
          <params>
            <param index="0">
              <value>
                <![CDATA[57]]>
              </value>
            </param>
            <param index="1">
              <value>
                <![CDATA[Activity 57]]>
              </value>
            </param>
            <param index="2">
              <value>
                <![CDATA[2022-02-14T14:23:28.2970072+00:00]]>
              </value>
            </param>
          </params>
          <reporter-output>
          </reporter-output>
        </test-method> <!-- postMultipleActivitiesTest -->
        <test-method signature="postMultipleActivitiesTest(int,java.lang.String,java.lang.String)[pri:0, instance:testproject.APITest@5939a379]" started-at="2022-02-15T01:04:45 CST" name="postMultipleActivitiesTest" data-provider="data" finished-at="2022-02-15T01:04:46 CST" duration-ms="1007" status="PASS">
          <params>
            <param index="0">
              <value>
                <![CDATA[58]]>
              </value>
            </param>
            <param index="1">
              <value>
                <![CDATA[Activity 58]]>
              </value>
            </param>
            <param index="2">
              <value>
                <![CDATA[2022-02-14T14:23:28.2970072+00:00]]>
              </value>
            </param>
          </params>
          <reporter-output>
          </reporter-output>
        </test-method> <!-- postMultipleActivitiesTest -->
      </class> <!-- testproject.APITest -->
    </test> <!-- postMultipleActivitiesTest -->
    <test started-at="2022-02-15T01:04:46 CST" name="schemaBooksTest" finished-at="2022-02-15T01:04:49 CST" duration-ms="2700">
      <class name="testproject.APITest">
        <test-method signature="schemaBooksTest()[pri:0, instance:testproject.APITest@2177849e]" started-at="2022-02-15T01:04:46 CST" name="schemaBooksTest" finished-at="2022-02-15T01:04:49 CST" duration-ms="2699" status="PASS">
          <reporter-output>
          </reporter-output>
        </test-method> <!-- schemaBooksTest -->
      </class> <!-- testproject.APITest -->
    </test> <!-- schemaBooksTest -->
    <test started-at="2022-02-15T01:04:49 CST" name="coverPhotosBooksTest" finished-at="2022-02-15T01:08:27 CST" duration-ms="218103">
      <class name="testproject.APITest">
        <test-method signature="coverPhotosBooksTest()[pri:0, instance:testproject.APITest@355ce81c]" started-at="2022-02-15T01:04:49 CST" name="coverPhotosBooksTest" finished-at="2022-02-15T01:08:27 CST" duration-ms="218102" status="PASS">
          <reporter-output>
          </reporter-output>
        </test-method> <!-- coverPhotosBooksTest -->
      </class> <!-- testproject.APITest -->
    </test> <!-- coverPhotosBooksTest -->
  </suite> <!-- AutomationTestSuite -->
</testng-results>
